<?xml version="1.0" encoding="UTF-8"?>
<coverage generated="1604133411470" clover="3.2.0">
  <project timestamp="1604133411470" name="All files">
    <metrics statements="29" coveredstatements="29" conditionals="17" coveredconditionals="17" methods="7" coveredmethods="7" elements="53" coveredelements="53" complexity="0" loc="29" ncloc="29" packages="1" files="3" classes="3"/>
    <file name="converter.js" path="/Volumes/Data/dev/2020/lab/lab8/converter.js">
      <metrics statements="10" coveredstatements="10" conditionals="4" coveredconditionals="4" methods="3" coveredmethods="3"/>
      <line num="1" count="1" type="stmt"/>
      <line num="2" count="1" type="cond" truecount="1" falsecount="0"/>
      <line num="3" count="1" type="stmt"/>
      <line num="4" count="1" type="stmt"/>
      <line num="5" count="1" type="stmt"/>
      <line num="6" count="1" type="cond" truecount="1" falsecount="0"/>
      <line num="7" count="1" type="stmt"/>
      <line num="8" count="1" type="stmt"/>
      <line num="9" count="1" type="stmt"/>
      <line num="10" count="1" type="cond" truecount="2" falsecount="0"/>
    </file>
    <file name="fizzbuzz.js" path="/Volumes/Data/dev/2020/lab/lab8/fizzbuzz.js">
      <metrics statements="15" coveredstatements="15" conditionals="10" coveredconditionals="10" methods="2" coveredmethods="2"/>
      <line num="1" count="5" type="cond" truecount="1" falsecount="0"/>
      <line num="2" count="5" type="cond" truecount="2" falsecount="0"/>
      <line num="3" count="4" type="stmt"/>
      <line num="4" count="5" type="cond" truecount="1" falsecount="0"/>
      <line num="5" count="1" type="stmt"/>
      <line num="6" count="5" type="cond" truecount="2" falsecount="0"/>
      <line num="7" count="1" type="stmt"/>
      <line num="8" count="3" type="cond" truecount="2" falsecount="0"/>
      <line num="9" count="1" type="stmt"/>
      <line num="10" count="1" type="stmt"/>
      <line num="11" count="1" type="stmt"/>
      <line num="12" count="1" type="stmt"/>
      <line num="13" count="5" type="stmt"/>
      <line num="14" count="1" type="stmt"/>
      <line num="15" count="1" type="cond" truecount="2" falsecount="0"/>
    </file>
    <file name="sum.js" path="/Volumes/Data/dev/2020/lab/lab8/sum.js">
      <metrics statements="4" coveredstatements="4" conditionals="3" coveredconditionals="3" methods="2" coveredmethods="2"/>
      <line num="1" count="1" type="cond" truecount="1" falsecount="0"/>
      <line num="2" count="1" type="stmt"/>
      <line num="3" count="1" type="stmt"/>
      <line num="4" count="1" type="cond" truecount="2" falsecount="0"/>
    </file>
  </project>
</coverage>
