TN:
SF:converter.js
FN:10,Object.<anonymous>
FN:2,converter
FN:6,exchageRate
FNF:3
FNH:3
FNDA:1,Object.<anonymous>
FNDA:1,converter
FNDA:1,exchageRate
DA:1,1
DA:2,1
DA:3,1
DA:4,1
DA:5,1
DA:6,1
DA:7,1
DA:8,1
DA:9,1
DA:10,1
LF:10
LH:10
BRDA:10,0,0,1
BRDA:10,1,0,1
BRDA:2,2,0,1
BRDA:6,3,0,1
BRF:4
BRH:4
end_of_record
TN:
SF:fizzbuzz.js
FN:15,Object.<anonymous>
FN:1,fizzbuzz
FNF:2
FNH:2
FNDA:1,Object.<anonymous>
FNDA:5,fizzbuzz
DA:1,5
DA:2,5
DA:3,4
DA:4,5
DA:5,1
DA:6,5
DA:7,1
DA:8,3
DA:9,1
DA:10,1
DA:11,1
DA:12,1
DA:13,5
DA:14,1
DA:15,1
LF:15
LH:15
BRDA:15,0,0,1
BRDA:15,1,0,1
BRDA:1,2,0,5
BRDA:2,3,0,1
BRDA:2,4,0,4
BRDA:4,5,0,1
BRDA:6,6,0,3
BRDA:6,7,0,1
BRDA:8,8,0,2
BRDA:8,9,0,1
BRF:10
BRH:10
end_of_record
TN:
SF:sum.js
FN:4,Object.<anonymous>
FN:1,sum
FNF:2
FNH:2
FNDA:1,Object.<anonymous>
FNDA:1,sum
DA:1,1
DA:2,1
DA:3,1
DA:4,1
LF:4
LH:4
BRDA:4,0,0,1
BRDA:4,1,0,1
BRDA:1,2,0,1
BRF:3
BRH:3
end_of_record
